#
# There is insufficient memory for the Java Runtime Environment to continue.
# Native memory allocation (mmap) failed to map 230686720 bytes for G1 virtual space
# Possible reasons:
#   The system is out of physical RAM or swap space
#   The process is running with CompressedOops enabled, and the Java Heap may be blocking the growth of the native heap
# Possible solutions:
#   Reduce memory load on the system
#   Increase physical memory or swap space
#   Check if swap backing store is full
#   Decrease Java heap size (-Xmx/-Xms)
#   Decrease number of Java threads
#   Decrease Java thread stack sizes (-Xss)
#   Set larger code cache with -XX:ReservedCodeCacheSize=
#   JVM is running with Zero Based Compressed Oops mode in which the Java heap is
#     placed in the first 32GB address space. The Java Heap base address is the
#     maximum limit for the native heap growth. Please use -XX:HeapBaseMinAddress
#     to set the Java Heap base and to place the Java Heap above 32GB virtual address.
# This output file may be truncated or incomplete.
#
#  Out of Memory Error (os_windows.cpp:3600), pid=32596, tid=34808
#
# JRE version:  (21.0.3+7) (build )
# Java VM: Java HotSpot(TM) 64-Bit Server VM (21.0.3+7-LTS-152, mixed mode, tiered, compressed oops, compressed class ptrs, g1 gc, windows-amd64)
# No core dump will be written. Minidumps are not enabled by default on client versions of Windows
#

---------------  S U M M A R Y ------------

Command Line: -ea -Didea.test.cyclic.buffer.size=1048576 -javaagent:C:\Program Files\JetBrains\IntelliJ IDEA Community Edition 2024.2.1\lib\idea_rt.jar=59309:C:\Program Files\JetBrains\IntelliJ IDEA Community Edition 2024.2.1\bin --patch-module=comp3111.examsystem=E:/Comp4651/COMP3111TeamProject/target/test-classes --add-reads=comp3111.examsystem=ALL-UNNAMED --add-opens=comp3111.examsystem/comp3111.examsystem.service=ALL-UNNAMED --add-modules=comp3111.examsystem -Dfile.encoding=UTF-8 -Dsun.stdout.encoding=UTF-8 -Dsun.stderr.encoding=UTF-8 --module-path=C:\Users\Serotonin\.m2\repository\org\openjfx\javafx-base\21\javafx-base-21-win.jar;C:\Users\Serotonin\.m2\repository\org\openjfx\javafx-graphics\21\javafx-graphics-21-win.jar;C:\Users\Serotonin\.m2\repository\org\openjfx\javafx-controls\21\javafx-controls-21-win.jar;C:\Users\Serotonin\.m2\repository\org\openjfx\javafx-fxml\21\javafx-fxml-21-win.jar;E:\Comp4651\COMP3111TeamProject\target\classes com.intellij.rt.junit.JUnitStarter -ideVersion5 -junit5 comp3111.examsystem.service.ExamManagementServiceTest,testRemoveQuestionFromExam

Host: AMD Ryzen 7 6800H with Radeon Graphics         , 16 cores, 13G,  Windows 11 , 64 bit Build 22621 (10.0.22621.4391)
Time: Mon Nov 25 13:25:43 2024  Windows 11 , 64 bit Build 22621 (10.0.22621.4391) elapsed time: 0.016862 seconds (0d 0h 0m 0s)

---------------  T H R E A D  ---------------

Current thread (0x00000268ba216d80):  JavaThread "Unknown thread" [_thread_in_vm, id=34808, stack(0x000000fa98c00000,0x000000fa98d00000) (1024K)]

Stack: [0x000000fa98c00000,0x000000fa98d00000]
Native frames: (J=compiled Java code, j=interpreted, Vv=VM code, C=native code)
V  [jvm.dll+0x6c63b9]
V  [jvm.dll+0x84fa11]
V  [jvm.dll+0x851f3e]
V  [jvm.dll+0x852613]
V  [jvm.dll+0x27cd46]
V  [jvm.dll+0x6c2b55]
V  [jvm.dll+0x6b76da]
V  [jvm.dll+0x35051a]
V  [jvm.dll+0x358176]
V  [jvm.dll+0x3aa84e]
V  [jvm.dll+0x3aaaf8]
V  [jvm.dll+0x32491c]
V  [jvm.dll+0x32547b]
V  [jvm.dll+0x818f69]
V  [jvm.dll+0x3b7771]
V  [jvm.dll+0x802358]
V  [jvm.dll+0x44c7ce]
V  [jvm.dll+0x44e2a1]
C  [jli.dll+0x52a3]
C  [ucrtbase.dll+0x29333]
C  [KERNEL32.DLL+0x1259d]
C  [ntdll.dll+0x5af38]


---------------  P R O C E S S  ---------------

Threads class SMR info:
_java_thread_list=0x00007ffac8ce1b88, length=0, elements={
}

Java Threads: ( => current thread )
Total: 0

Other Threads:
  0x00000268bc41f220 WorkerThread "GC Thread#0"                     [id=30016, stack(0x000000fa98d00000,0x000000fa98e00000) (1024K)]
  0x00000268bc42eed0 ConcurrentGCThread "G1 Main Marker"            [id=21856, stack(0x000000fa98e00000,0x000000fa98f00000) (1024K)]
  0x00000268bc430170 WorkerThread "G1 Conc#0"                       [id=2396, stack(0x000000fa98f00000,0x000000fa99000000) (1024K)]

[error occurred during error reporting (printing all threads), id 0xc0000005, EXCEPTION_ACCESS_VIOLATION (0xc0000005) at pc=0x00007ffac8457077]
VM state: not at safepoint (not fully initialized)

VM Mutex/Monitor currently owned by a thread:  ([mutex/lock_event])
[0x00007ffac8d52ea8] Heap_lock - owner thread: 0x00000268ba216d80

Heap address: 0x00000006e4e00000, size: 3506 MB, Compressed Oops mode: Zero based, Oop shift amount: 3

CDS archive(s) not mapped
Narrow klass base: 0x0000000000000000, Narrow klass shift: 0, Narrow klass range: 0x0

GC Precious Log:
 CardTable entry size: 512
 Card Set container configuration: InlinePtr #cards 4 size 8 Array Of Cards #cards 16 size 48 Howl #buckets 8 coarsen threshold 3686 Howl Bitmap #cards 512 size 80 coarsen threshold 460 Card regions per heap region 1 cards per card region 4096

Heap:
 garbage-first heap   total 0K, used 0K [0x00000006e4e00000, 0x00000007c0000000)
  region size 2048K, 0 young (0K), 0 survivors (0K)

[error occurred during error reporting (printing heap information), id 0xc0000005, EXCEPTION_ACCESS_VIOLATION (0xc0000005) at pc=0x00007ffac883e669]
GC Heap History (0 events):
No events

Dll operation events (1 events):
Event: 0.010 Loaded shared library C:\Program Files\Java\jdk-21\bin\java.dll

Deoptimization events (0 events):
No events

Classes loaded (0 events):
No events

Classes unloaded (0 events):
No events

Classes redefined (0 events):
No events

Internal exceptions (0 events):
No events

ZGC Phase Switch (0 events):
No events

VM Operations (0 events):
No events

Events (0 events):
No events


Dynamic libraries:
0x00007ff6506f0000 - 0x00007ff650700000 	C:\Program Files\Java\jdk-21\bin\java.exe
0x00007ffb22190000 - 0x00007ffb223a7000 	C:\Windows\SYSTEM32\ntdll.dll
0x00007ffb20e90000 - 0x00007ffb20f54000 	C:\Windows\System32\KERNEL32.DLL
0x00007ffb1f6f0000 - 0x00007ffb1faa9000 	C:\Windows\System32\KERNELBASE.dll
0x00007ffb1fc00000 - 0x00007ffb1fd11000 	C:\Windows\System32\ucrtbase.dll
0x00007ffb08510000 - 0x00007ffb0852b000 	C:\Program Files\Java\jdk-21\bin\VCRUNTIME140.dll
0x00007ffb16650000 - 0x00007ffb16669000 	C:\Program Files\Java\jdk-21\bin\jli.dll
0x00007ffb21990000 - 0x00007ffb21a42000 	C:\Windows\System32\ADVAPI32.dll
0x00007ffb1feb0000 - 0x00007ffb1ff57000 	C:\Windows\System32\msvcrt.dll
0x00007ffb20cf0000 - 0x00007ffb20d97000 	C:\Windows\System32\sechost.dll
0x00007ffb1fab0000 - 0x00007ffb1fad8000 	C:\Windows\System32\bcrypt.dll
0x00007ffb210d0000 - 0x00007ffb211e4000 	C:\Windows\System32\RPCRT4.dll
0x00007ffb20b40000 - 0x00007ffb20cee000 	C:\Windows\System32\USER32.dll
0x00007ffb1f490000 - 0x00007ffb1f4b6000 	C:\Windows\System32\win32u.dll
0x00007ffb0c730000 - 0x00007ffb0c9c2000 	C:\Windows\WinSxS\amd64_microsoft.windows.common-controls_6595b64144ccf1df_6.0.22621.4391_none_2715d37f73803e96\COMCTL32.dll
0x00007ffb20830000 - 0x00007ffb20859000 	C:\Windows\System32\GDI32.dll
0x00007ffb1fae0000 - 0x00007ffb1fbfb000 	C:\Windows\System32\gdi32full.dll
0x00007ffb1fd20000 - 0x00007ffb1fdba000 	C:\Windows\System32\msvcp_win.dll
0x00007ffb17b90000 - 0x00007ffb17b9a000 	C:\Windows\SYSTEM32\VERSION.dll
0x00007ffb20860000 - 0x00007ffb20891000 	C:\Windows\System32\IMM32.DLL
0x00007ffb17740000 - 0x00007ffb1774c000 	C:\Program Files\Java\jdk-21\bin\vcruntime140_1.dll
0x00007ffb023b0000 - 0x00007ffb0243e000 	C:\Program Files\Java\jdk-21\bin\msvcp140.dll
0x00007ffac8120000 - 0x00007ffac8e2d000 	C:\Program Files\Java\jdk-21\bin\server\jvm.dll
0x00007ffb21d00000 - 0x00007ffb21d71000 	C:\Windows\System32\WS2_32.dll
0x00007ffb1f360000 - 0x00007ffb1f3ad000 	C:\Windows\SYSTEM32\POWRPROF.dll
0x00007ffb15300000 - 0x00007ffb15334000 	C:\Windows\SYSTEM32\WINMM.dll
0x00007ffb1f340000 - 0x00007ffb1f353000 	C:\Windows\SYSTEM32\UMPDC.dll
0x00007ffb1e490000 - 0x00007ffb1e4a8000 	C:\Windows\SYSTEM32\kernel.appcore.dll
0x00007ffb176f0000 - 0x00007ffb176fa000 	C:\Program Files\Java\jdk-21\bin\jimage.dll
0x00007ffb1cc60000 - 0x00007ffb1ce92000 	C:\Windows\SYSTEM32\DBGHELP.DLL
0x00007ffb21da0000 - 0x00007ffb2212f000 	C:\Windows\System32\combase.dll
0x00007ffb20a60000 - 0x00007ffb20b37000 	C:\Windows\System32\OLEAUT32.dll
0x00007ffb0bd60000 - 0x00007ffb0bd92000 	C:\Windows\SYSTEM32\dbgcore.DLL
0x00007ffb1fe30000 - 0x00007ffb1feab000 	C:\Windows\System32\bcryptPrimitives.dll
0x00007ffb16760000 - 0x00007ffb1676f000 	C:\Program Files\Java\jdk-21\bin\instrument.dll
0x00007ffb083d0000 - 0x00007ffb083ef000 	C:\Program Files\Java\jdk-21\bin\java.dll

dbghelp: loaded successfully - version: 4.0.5 - missing functions: none
symbol engine: initialized successfully - sym options: 0x614 - pdb path: .;C:\Program Files\Java\jdk-21\bin;C:\Windows\SYSTEM32;C:\Windows\WinSxS\amd64_microsoft.windows.common-controls_6595b64144ccf1df_6.0.22621.4391_none_2715d37f73803e96;C:\Program Files\Java\jdk-21\bin\server

VM Arguments:
jvm_args: -ea -Didea.test.cyclic.buffer.size=1048576 -javaagent:C:\Program Files\JetBrains\IntelliJ IDEA Community Edition 2024.2.1\lib\idea_rt.jar=59309:C:\Program Files\JetBrains\IntelliJ IDEA Community Edition 2024.2.1\bin --patch-module=comp3111.examsystem=E:/Comp4651/COMP3111TeamProject/target/test-classes --add-reads=comp3111.examsystem=ALL-UNNAMED --add-opens=comp3111.examsystem/comp3111.examsystem.service=ALL-UNNAMED --add-modules=comp3111.examsystem -Dfile.encoding=UTF-8 -Dsun.stdout.encoding=UTF-8 -Dsun.stderr.encoding=UTF-8 --module-path=C:\Users\Serotonin\.m2\repository\org\openjfx\javafx-base\21\javafx-base-21-win.jar;C:\Users\Serotonin\.m2\repository\org\openjfx\javafx-graphics\21\javafx-graphics-21-win.jar;C:\Users\Serotonin\.m2\repository\org\openjfx\javafx-controls\21\javafx-controls-21-win.jar;C:\Users\Serotonin\.m2\repository\org\openjfx\javafx-fxml\21\javafx-fxml-21-win.jar;E:\Comp4651\COMP3111TeamProject\target\classes 
java_command: com.intellij.rt.junit.JUnitStarter -ideVersion5 -junit5 comp3111.examsystem.service.ExamManagementServiceTest,testRemoveQuestionFromExam
java_class_path (initial): C:\Users\Serotonin\.m2\repository\org\junit\platform\junit-platform-launcher\1.10.0\junit-platform-launcher-1.10.0.jar;C:\Users\Serotonin\.m2\repository\org\junit\vintage\junit-vintage-engine\5.10.0\junit-vintage-engine-5.10.0.jar;C:\Program Files\JetBrains\IntelliJ IDEA Community Edition 2024.2.1\lib\idea_rt.jar;C:\Program Files\JetBrains\IntelliJ IDEA Community Edition 2024.2.1\plugins\junit\lib\junit5-rt.jar;C:\Program Files\JetBrains\IntelliJ IDEA Community Edition 2024.2.1\plugins\junit\lib\junit-rt.jar;E:\Comp4651\COMP3111TeamProject\target\test-classes;C:\Users\Serotonin\.m2\repository\org\openjfx\javafx-base\21\javafx-base-21.jar;C:\Users\Serotonin\.m2\repository\org\openjfx\javafx-graphics\21\javafx-graphics-21.jar;C:\Users\Serotonin\.m2\repository\org\openjfx\javafx-controls\21\javafx-controls-21.jar;C:\Users\Serotonin\.m2\repository\org\openjfx\javafx-fxml\21\javafx-fxml-21.jar;C:\Users\Serotonin\.m2\repository\org\junit\jupiter\junit-jupiter\5.8.1\junit-jupiter-5.8.1.jar;C:\Users\Serotonin\.m2\repository\org\junit\jupiter\junit-jupiter-params\5.8.1\junit-jupiter-params-5.8.1.jar;C:\Users\Serotonin\.m2\repository\org\junit\jupiter\junit-jupiter-api\5.10.0\junit-jupiter-api-5.10.0.jar;C:\Users\Serotonin\.m2\repository\org\opentest4j\opentest4j\1.3.0\opentest4j-1.3.0.jar;C:\Users\Serotonin\.m2\repository\org\junit\platform\junit-platform-commons\1.10.0\junit-platform-commons-1.10.0.jar;C:\Users\Serotonin\.m2\repository\org\apiguardian\apiguardian-api\1.1.2\apiguardian-api-1.1.2.jar;C:\Users\Serotonin\.m2\repository\org\junit\jupiter\junit-jupiter-engine\5.10.0\junit-jupiter-engine-5.10.0.jar;C:\Users\Serotonin\.m2\repository\org\junit\platform\junit-platform-engine\1.10.0\junit-platform-engine-1.10.0.jar;C:\Users\Serotonin\.m2\repository\junit\junit\4.13.2\junit-4.13.2.jar;C:\Users\Serotonin\.m2\repository\org\hamcrest\hamcrest-core\1.3\hamcrest-core-1.3.jar
Launcher Type: SUN_STANDARD

[Global flags]
     intx CICompilerCount                          = 12                                        {product} {ergonomic}
     uint ConcGCThreads                            = 3                                         {product} {ergonomic}
     uint G1ConcRefinementThreads                  = 13                                        {product} {ergonomic}
   size_t G1HeapRegionSize                         = 2097152                                   {product} {ergonomic}
    uintx GCDrainStackTargetSize                   = 64                                        {product} {ergonomic}
   size_t InitialHeapSize                          = 230686720                                 {product} {ergonomic}
   size_t MarkStackSize                            = 4194304                                   {product} {ergonomic}
   size_t MaxHeapSize                              = 3676307456                                {product} {ergonomic}
   size_t MinHeapDeltaBytes                        = 2097152                                   {product} {ergonomic}
   size_t MinHeapSize                              = 8388608                                   {product} {ergonomic}
    uintx NonNMethodCodeHeapSize                   = 7602480                                {pd product} {ergonomic}
    uintx NonProfiledCodeHeapSize                  = 122027880                              {pd product} {ergonomic}
    uintx ProfiledCodeHeapSize                     = 122027880                              {pd product} {ergonomic}
    uintx ReservedCodeCacheSize                    = 251658240                              {pd product} {ergonomic}
     bool SegmentedCodeCache                       = true                                      {product} {ergonomic}
   size_t SoftMaxHeapSize                          = 3676307456                             {manageable} {ergonomic}
     bool UseCompressedOops                        = true                           {product lp64_product} {ergonomic}
     bool UseG1GC                                  = true                                      {product} {ergonomic}
     bool UseLargePagesIndividualAllocation        = false                                  {pd product} {ergonomic}

Logging:
Log output configuration:
 #0: stdout all=warning uptime,level,tags foldmultilines=false
 #1: stderr all=off uptime,level,tags foldmultilines=false

Environment Variables:
PATH=C:\Program Files\Common Files\Oracle\Java\javapath;C:\Program Files\NVIDIA\CUDNN\v9.1\bin;C:\Program Files\NVIDIA GPU Computing Toolkit\CUDA\v12.2\bin;C:\Program Files\NVIDIA GPU Computing Toolkit\CUDA\v12.2\libnvvp;E:\▓блл\MPI\Bin\;C:\Windows\system32;C:\Windows;C:\Windows\System32\Wbem;C:\Windows\System32\WindowsPowerShell\v1.0\;C:\Windows\System32\OpenSSH\;D:\Program Files\Git\cmd;E:\matlab\bin;D:\Program Files\nodejs\;C:\Program Files\Microsoft SQL Server\150\Tools\Binn\;C:\Program Files\Microsoft SQL Server\Client SDK\ODBC\170\Tools\Binn\;C:\Program Files\dotnet\;D:\Windows Kits\10\Windows Performance Toolkit\;E:\3dvision\first\package\cmake-3.29.2-windows-x86_64\cmake-3.29.2-windows-x86_64\bin;C:\Program Files\Microsoft SQL Server\130\Tools\Binn\;C:\Users\Serotonin\AppData\Local\Programs\Python\Python312;C:\Users\Serotonin\AppData\Local\Programs\Python\Python312\Scripts;D:\Program Files\anaconda3;D:\Program Files\anaconda3\Scripts;D:\Program Files\anaconda3\Library\bin;C:\Program Files\Microsoft SQL Server\Client SDK\ODBC\130\Tools\Binn\;C:\Program Files (x86)\Microsoft SQL Server\140\Tools\Binn\;C:\Program Files\Microsoft SQL Server\140\Tools\Binn\;C:\Program Files\Microsoft SQL Server\140\DTS\Binn\;C:\Program Files (x86)\Microsoft SQL Server\Client SDK\ODBC\130\Tools\Binn\;C:\Program Files (x86)\Microsoft SQL Server\140\DTS\Binn\;C:\Program Files (x86)\Microsoft SQL Server\140\Tools\Binn\ManagementStudio\;E:\3dvision\first\package\sdk\OpenNI_v2.3.0.85_windows\Win64-Release\sdk\libs;E:\mingw\x86_64-8.1.0-release-posix-seh-rt_v6-rev0\mingw64\bin;C:\Program Files\NVIDIA Corporation\Nsight Compute 2023.2.0\;C:\Program Files (x86)\NVIDIA Corporation\PhysX\Common;C:\Program Files\NVIDIA Corporation\NVIDIA NvDLISR;D:\Program Files\anaconda3\Scripts;D:\Program Files\anaconda3;D:\Program Files\mingw\mingw64\bin;C:\Program Files\PuTTY\;C:\Program Files\Docker\Docker\resources\bin;E:\Comp4651\faas-cli.exe;C:\Users\Serotonin\AppData\Local\Programs\Python\Python312\Scripts\;C:\Users\Serotonin\AppData\Local\Programs\Python\Python312\;C:\Users\Serotonin\AppData\Local\Microsoft\WindowsApps;D:\Program Files\Microsoft VS Code\bin;D:\Program Files\texlive\2023\bin\windows;C:\Users\Serotonin\AppData\Roaming\npm;C:\Users\Serotonin\.dotnet\tools;C:\Program Files\JetBrains\IntelliJ IDEA Community Edition 2024.2.1\bin;
USERNAME=Serotonin
OS=Windows_NT
PROCESSOR_IDENTIFIER=AMD64 Family 25 Model 68 Stepping 1, AuthenticAMD
TMP=C:\Users\Serotonin\AppData\Local\Temp
TEMP=C:\Users\Serotonin\AppData\Local\Temp




Periodic native trim disabled

---------------  S Y S T E M  ---------------

OS:
 Windows 11 , 64 bit Build 22621 (10.0.22621.4391)
OS uptime: 0 days 20:12 hours
Hyper-V role detected

CPU: total 16 (initial active 16) (16 cores per cpu, 2 threads per core) family 25 model 68 stepping 1 microcode 0x0, cx8, cmov, fxsr, ht, mmx, 3dnowpref, sse, sse2, sse3, ssse3, sse4a, sse4.1, sse4.2, popcnt, lzcnt, tsc, tscinvbit, avx, avx2, aes, erms, clmul, bmi1, bmi2, adx, sha, fma, vzeroupper, clflush, clflushopt, hv, rdtscp, rdpid, fsrm, f16c, cet_ss
Processor Information for processor 0
  Max Mhz: 3201, Current Mhz: 1989, Mhz Limit: 3201
Processor Information for processor 1
  Max Mhz: 3201, Current Mhz: 1989, Mhz Limit: 3201
Processor Information for processor 2
  Max Mhz: 3201, Current Mhz: 3201, Mhz Limit: 3201
Processor Information for processor 3
  Max Mhz: 3201, Current Mhz: 1989, Mhz Limit: 3201
Processor Information for processor 4
  Max Mhz: 3201, Current Mhz: 1989, Mhz Limit: 3201
Processor Information for processor 5
  Max Mhz: 3201, Current Mhz: 3201, Mhz Limit: 3201
Processor Information for processor 6
  Max Mhz: 3201, Current Mhz: 3201, Mhz Limit: 3201
Processor Information for processor 7
  Max Mhz: 3201, Current Mhz: 3201, Mhz Limit: 3201
Processor Information for processor 8
  Max Mhz: 3201, Current Mhz: 3201, Mhz Limit: 3201
Processor Information for processor 9
  Max Mhz: 3201, Current Mhz: 3201, Mhz Limit: 3201
Processor Information for processor 10
  Max Mhz: 3201, Current Mhz: 1989, Mhz Limit: 3201
Processor Information for processor 11
  Max Mhz: 3201, Current Mhz: 3201, Mhz Limit: 3201
Processor Information for processor 12
  Max Mhz: 3201, Current Mhz: 3201, Mhz Limit: 3201
Processor Information for processor 13
  Max Mhz: 3201, Current Mhz: 1989, Mhz Limit: 3201
Processor Information for processor 14
  Max Mhz: 3201, Current Mhz: 1989, Mhz Limit: 3201
Processor Information for processor 15
  Max Mhz: 3201, Current Mhz: 1989, Mhz Limit: 3201

Memory: 4k page, system-wide physical 14020M (399M free)
TotalPageFile size 28725M (AvailPageFile size 175M)
current process WorkingSet (physical memory assigned to process): 11M, peak: 11M
current process commit charge ("private bytes"): 70M, peak: 290M

vm_info: Java HotSpot(TM) 64-Bit Server VM (21.0.3+7-LTS-152) for windows-amd64 JRE (21.0.3+7-LTS-152), built on 2024-03-11T17:42:26Z by "mach5one" with MS VC++ 17.6 (VS2022)

END.
