#
# There is insufficient memory for the Java Runtime Environment to continue.
# Native memory allocation (malloc) failed to allocate 1048576 bytes. Error detail: AllocateHeap
# Possible reasons:
#   The system is out of physical RAM or swap space
#   This process is running with CompressedOops enabled, and the Java Heap may be blocking the growth of the native heap
# Possible solutions:
#   Reduce memory load on the system
#   Increase physical memory or swap space
#   Check if swap backing store is full
#   Decrease Java heap size (-Xmx/-Xms)
#   Decrease number of Java threads
#   Decrease Java thread stack sizes (-Xss)
#   Set larger code cache with -XX:ReservedCodeCacheSize=
#   JVM is running with Unscaled Compressed Oops mode in which the Java heap is
#     placed in the first 4GB address space. The Java Heap base address is the
#     maximum limit for the native heap growth. Please use -XX:HeapBaseMinAddress
#     to set the Java Heap base and to place the Java Heap above 4GB virtual address.
# This output file may be truncated or incomplete.
#
#  Out of Memory Error (allocation.cpp:44), pid=22136, tid=28424
#
# JRE version:  (21.0.3+13) (build )
# Java VM: OpenJDK 64-Bit Server VM (21.0.3+13-b509.11, mixed mode, sharing, tiered, compressed oops, compressed class ptrs, g1 gc, windows-amd64)
# No core dump will be written. Minidumps are not enabled by default on client versions of Windows
#

---------------  S U M M A R Y ------------

Command Line: git4idea.http.GitAskPassApp Username for 'https://github.com': 

Host: AMD Ryzen 7 6800H with Radeon Graphics         , 16 cores, 13G,  Windows 11 , 64 bit Build 22621 (10.0.22621.4391)
Time: Mon Nov 25 04:00:36 2024  Windows 11 , 64 bit Build 22621 (10.0.22621.4391) elapsed time: 0.029862 seconds (0d 0h 0m 0s)

---------------  T H R E A D  ---------------

Current thread (0x000002a6b430f640):  JavaThread "Unknown thread" [_thread_in_vm, id=28424, stack(0x000000b405d00000,0x000000b405e00000) (1024K)]

Stack: [0x000000b405d00000,0x000000b405e00000]
Native frames: (J=compiled Java code, j=interpreted, Vv=VM code, C=native code)
V  [jvm.dll+0x6e02f9]
V  [jvm.dll+0x8bd383]
V  [jvm.dll+0x8bf8de]
V  [jvm.dll+0x8bffc3]
V  [jvm.dll+0x2879c6]
V  [jvm.dll+0xc0827]
V  [jvm.dll+0x32ff05]
V  [jvm.dll+0x8845ad]
V  [jvm.dll+0x3c5f38]
V  [jvm.dll+0x86d80d]
V  [jvm.dll+0x45ab9e]
V  [jvm.dll+0x45c771]
C  [jli.dll+0x52ab]
C  [ucrtbase.dll+0x29333]
C  [KERNEL32.DLL+0x1259d]
C  [ntdll.dll+0x5af38]


---------------  P R O C E S S  ---------------

Threads class SMR info:
_java_thread_list=0x00007ffa86d6d108, length=0, elements={
}

Java Threads: ( => current thread )
Total: 0

Other Threads:

=>0x000002a6b430f640 (exited) JavaThread "Unknown thread"    [_thread_in_vm, id=28424, stack(0x000000b405d00000,0x000000b405e00000) (1024K)]
Total: 1

Threads with active compile tasks:
Total: 0

VM state: not at safepoint (not fully initialized)

VM Mutex/Monitor currently owned by a thread: None

Heap address: 0x0000000000000000, size: 0 MB, Compressed Oops mode: 32-bit

CDS archive(s) mapped at: [0x0000000000000000-0x0000000000000000-0x0000000000000000), size 0, SharedBaseAddress: 0x0000000800000000, ArchiveRelocationMode: 1.
Narrow klass base: 0x0000000000000000, Narrow klass shift: 0, Narrow klass range: 0x0

GC Precious Log:
 CardTable entry size: 512
 Card Set container configuration: InlinePtr #cards 4 size 8 Array Of Cards #cards 16 size 48 Howl #buckets 8 coarsen threshold 3686 Howl Bitmap #cards 512 size 80 coarsen threshold 460 Card regions per heap region 1 cards per card region 4096

GC Heap History (0 events):
No events

Dll operation events (1 events):
Event: 0.023 Loaded shared library C:\Program Files\JetBrains\IntelliJ IDEA Community Edition 2024.2.1\jbr\bin\java.dll

Deoptimization events (0 events):
No events

Classes loaded (0 events):
No events

Classes unloaded (0 events):
No events

Classes redefined (0 events):
No events

Internal exceptions (0 events):
No events

ZGC Phase Switch (0 events):
No events

VM Operations (0 events):
No events

Events (0 events):
No events


Dynamic libraries:
0x00007ff710c90000 - 0x00007ff710c9a000 	C:\Program Files\JetBrains\IntelliJ IDEA Community Edition 2024.2.1\jbr\bin\java.exe
0x00007ffb22190000 - 0x00007ffb223a7000 	C:\Windows\SYSTEM32\ntdll.dll
0x00007ffb20e90000 - 0x00007ffb20f54000 	C:\Windows\System32\KERNEL32.DLL
0x00007ffb1f6f0000 - 0x00007ffb1faa9000 	C:\Windows\System32\KERNELBASE.dll
0x00007ffb1fc00000 - 0x00007ffb1fd11000 	C:\Windows\System32\ucrtbase.dll
0x00007ffb176c0000 - 0x00007ffb176db000 	C:\Program Files\JetBrains\IntelliJ IDEA Community Edition 2024.2.1\jbr\bin\VCRUNTIME140.dll
0x00007ffb09180000 - 0x00007ffb09198000 	C:\Program Files\JetBrains\IntelliJ IDEA Community Edition 2024.2.1\jbr\bin\jli.dll
0x00007ffb20b40000 - 0x00007ffb20cee000 	C:\Windows\System32\USER32.dll
0x00007ffb0c730000 - 0x00007ffb0c9c2000 	C:\Windows\WinSxS\amd64_microsoft.windows.common-controls_6595b64144ccf1df_6.0.22621.4391_none_2715d37f73803e96\COMCTL32.dll
0x00007ffb1f490000 - 0x00007ffb1f4b6000 	C:\Windows\System32\win32u.dll
0x00007ffb20830000 - 0x00007ffb20859000 	C:\Windows\System32\GDI32.dll
0x00007ffb1fae0000 - 0x00007ffb1fbfb000 	C:\Windows\System32\gdi32full.dll
0x00007ffb1fd20000 - 0x00007ffb1fdba000 	C:\Windows\System32\msvcp_win.dll
0x00007ffb1feb0000 - 0x00007ffb1ff57000 	C:\Windows\System32\msvcrt.dll
0x00007ffb20860000 - 0x00007ffb20891000 	C:\Windows\System32\IMM32.DLL
0x00007ffb17730000 - 0x00007ffb1773c000 	C:\Program Files\JetBrains\IntelliJ IDEA Community Edition 2024.2.1\jbr\bin\vcruntime140_1.dll
0x00007ffb01e50000 - 0x00007ffb01edd000 	C:\Program Files\JetBrains\IntelliJ IDEA Community Edition 2024.2.1\jbr\bin\msvcp140.dll
0x00007ffa86120000 - 0x00007ffa86ed2000 	C:\Program Files\JetBrains\IntelliJ IDEA Community Edition 2024.2.1\jbr\bin\server\jvm.dll
0x00007ffb21990000 - 0x00007ffb21a42000 	C:\Windows\System32\ADVAPI32.dll
0x00007ffb20cf0000 - 0x00007ffb20d97000 	C:\Windows\System32\sechost.dll
0x00007ffb1fab0000 - 0x00007ffb1fad8000 	C:\Windows\System32\bcrypt.dll
0x00007ffb210d0000 - 0x00007ffb211e4000 	C:\Windows\System32\RPCRT4.dll
0x00007ffb21d00000 - 0x00007ffb21d71000 	C:\Windows\System32\WS2_32.dll
0x00007ffb1f360000 - 0x00007ffb1f3ad000 	C:\Windows\SYSTEM32\POWRPROF.dll
0x00007ffb15300000 - 0x00007ffb15334000 	C:\Windows\SYSTEM32\WINMM.dll
0x00007ffb17b90000 - 0x00007ffb17b9a000 	C:\Windows\SYSTEM32\VERSION.dll
0x00007ffb1f340000 - 0x00007ffb1f353000 	C:\Windows\SYSTEM32\UMPDC.dll
0x00007ffb1e490000 - 0x00007ffb1e4a8000 	C:\Windows\SYSTEM32\kernel.appcore.dll
0x00007ffb17660000 - 0x00007ffb1766a000 	C:\Program Files\JetBrains\IntelliJ IDEA Community Edition 2024.2.1\jbr\bin\jimage.dll
0x00007ffb1cc60000 - 0x00007ffb1ce92000 	C:\Windows\SYSTEM32\DBGHELP.DLL
0x00007ffb21da0000 - 0x00007ffb2212f000 	C:\Windows\System32\combase.dll
0x00007ffb20a60000 - 0x00007ffb20b37000 	C:\Windows\System32\OLEAUT32.dll
0x00007ffb0bd60000 - 0x00007ffb0bd92000 	C:\Windows\SYSTEM32\dbgcore.DLL
0x00007ffb1fe30000 - 0x00007ffb1feab000 	C:\Windows\System32\bcryptPrimitives.dll
0x00007ffb16aa0000 - 0x00007ffb16abf000 	C:\Program Files\JetBrains\IntelliJ IDEA Community Edition 2024.2.1\jbr\bin\java.dll

dbghelp: loaded successfully - version: 4.0.5 - missing functions: none
symbol engine: initialized successfully - sym options: 0x614 - pdb path: .;C:\Program Files\JetBrains\IntelliJ IDEA Community Edition 2024.2.1\jbr\bin;C:\Windows\SYSTEM32;C:\Windows\WinSxS\amd64_microsoft.windows.common-controls_6595b64144ccf1df_6.0.22621.4391_none_2715d37f73803e96;C:\Program Files\JetBrains\IntelliJ IDEA Community Edition 2024.2.1\jbr\bin\server

VM Arguments:
java_command: git4idea.http.GitAskPassApp Username for 'https://github.com': 
java_class_path (initial): C:/Program Files/JetBrains/IntelliJ IDEA Community Edition 2024.2.1/plugins/vcs-git/lib/git4idea-rt.jar;C:/Program Files/JetBrains/IntelliJ IDEA Community Edition 2024.2.1/lib/externalProcess-rt.jar
Launcher Type: SUN_STANDARD

[Global flags]
     intx CICompilerCount                          = 12                                        {product} {ergonomic}
     uint ConcGCThreads                            = 3                                         {product} {ergonomic}
     uint G1ConcRefinementThreads                  = 13                                        {product} {ergonomic}
   size_t G1HeapRegionSize                         = 2097152                                   {product} {ergonomic}
    uintx GCDrainStackTargetSize                   = 64                                        {product} {ergonomic}
   size_t InitialHeapSize                          = 230686720                                 {product} {ergonomic}
   size_t MarkStackSize                            = 4194304                                   {product} {ergonomic}
   size_t MaxHeapSize                              = 3676307456                                {product} {ergonomic}
   size_t MinHeapDeltaBytes                        = 2097152                                   {product} {ergonomic}
   size_t MinHeapSize                              = 8388608                                   {product} {ergonomic}
    uintx NonNMethodCodeHeapSize                   = 7602480                                {pd product} {ergonomic}
    uintx NonProfiledCodeHeapSize                  = 122027880                              {pd product} {ergonomic}
     bool PerfDisableSharedMem                     = true                                      {product} {ergonomic}
    uintx ProfiledCodeHeapSize                     = 122027880                              {pd product} {ergonomic}
    uintx ReservedCodeCacheSize                    = 251658240                              {pd product} {ergonomic}
     bool SegmentedCodeCache                       = true                                      {product} {ergonomic}
   size_t SoftMaxHeapSize                          = 3676307456                             {manageable} {ergonomic}
     bool UseCompressedOops                        = true                           {product lp64_product} {ergonomic}
     bool UseG1GC                                  = true                                      {product} {ergonomic}
     bool UseLargePagesIndividualAllocation        = false                                  {pd product} {ergonomic}

Logging:
Log output configuration:
 #0: stdout all=warning uptime,level,tags foldmultilines=false
 #1: stderr all=off uptime,level,tags foldmultilines=false

Environment Variables:
PATH=D:\Program Files\Git\mingw64\libexec\git-core;D:\Program Files\Git\mingw64\libexec\git-core;D:\Program Files\Git\mingw64\bin;D:\Program Files\Git\usr\bin;C:\Users\Serotonin\bin;C:\Program Files\Common Files\Oracle\Java\javapath;C:\Program Files\NVIDIA\CUDNN\v9.1\bin;C:\Program Files\NVIDIA GPU Computing Toolkit\CUDA\v12.2\bin;C:\Program Files\NVIDIA GPU Computing Toolkit\CUDA\v12.2\libnvvp;E:\▓блл\MPI\Bin;C:\Windows\system32;C:\Windows;C:\Windows\System32\Wbem;C:\Windows\System32\WindowsPowerShell\v1.0;C:\Windows\System32\OpenSSH;D:\Program Files\Git\cmd;E:\matlab\bin;D:\Program Files\nodejs;C:\Program Files\Microsoft SQL Server\150\Tools\Binn;C:\Program Files\Microsoft SQL Server\Client SDK\ODBC\170\Tools\Binn;C:\Program Files\dotnet;D:\Windows Kits\10\Windows Performance Toolkit;E:\3dvision\first\package\cmake-3.29.2-windows-x86_64\cmake-3.29.2-windows-x86_64\bin;C:\Program Files\Microsoft SQL Server\130\Tools\Binn;C:\Users\Serotonin\AppData\Local\Programs\Python\Python312;C:\Users\Serotonin\AppData\Local\Programs\Python\Python312\Scripts;D:\Program Files\anaconda3;D:\Program Files\anaconda3\Scripts;D:\Program Files\anaconda3\Library\bin;C:\Program Files\Microsoft SQL Server\Client SDK\ODBC\130\Tools\Binn;C:\Program Files (x86)\Microsoft SQL Server\140\Tools\Binn;C:\Program Files\Microsoft SQL Server\140\Tools\Binn;C:\Program Files\Microsoft SQL Server\140\DTS\Binn;C:\Program Files (x86)\Microsoft SQL Server\Client SDK\ODBC\130\Tools\Binn;C:\Program Files (x86)\Microsoft SQL Server\140\DTS\Binn;C:\Program Files (x86)\Microsoft SQL Server\140\Tools\Binn\ManagementStudio;E:\3dvision\first\package\sdk\OpenNI_v2.3.0.85_windows\Win64-Release\sdk\libs;E:\mingw\x86_64-8.1.0-release-posix-seh-rt_v6-rev0\mingw64\bin;C:\Program Files\NVIDIA Corporation\Nsight Compute 2023.2.0;C:\Program Files (x86)\NVIDIA Corporation\PhysX\Common;C:\Program Files\NVIDIA Corporation\NVIDIA NvDLISR;D:\Program Files\anaconda3\Scripts;D:\Program Files\anaconda3;D:\Program Files\mingw\mingw64\bin;C:\Program Files\PuTTY;C:\Program Files\Docker\Docker\resources\bin;E:\Comp4651\faas-cli.exe;C:\Users\Serotonin\AppData\Local\Programs\Python\Python312\Scripts;C:\Users\Serotonin\AppData\Local\Programs\Python\Python312;C:\Users\Serotonin\AppData\Local\Microsoft\WindowsApps;D:\Program Files\Microsoft VS Code\bin;D:\Program Files\texlive\2023\bin\windows;C:\Users\Serotonin\AppData\Roaming\npm;C:\Users\Serotonin\.dotnet\tools;C:\Program Files\JetBrains\IntelliJ IDEA Community Edition 2024.2.1\bin
USERNAME=Serotonin
DISPLAY=:0.0
LC_ALL=en_US.UTF-8
TERM=xterm-256color
TMPDIR=C:\Users\Serotonin\AppData\Local\Temp
OS=Windows_NT
PROCESSOR_IDENTIFIER=AMD64 Family 25 Model 68 Stepping 1, AuthenticAMD
TMP=C:\Users\Serotonin\AppData\Local\Temp
TEMP=C:\Users\Serotonin\AppData\Local\Temp




Periodic native trim disabled

JNI global refs:
JNI global refs: 0, weak refs: 0

JNI global refs memory usage: 0, weak refs: 0

Process memory usage:
Resident Set Size: 11016K (0% of 14357448K total physical memory with 132148K free physical memory)

OOME stack traces (most recent first):
Classloader memory used:

---------------  S Y S T E M  ---------------

OS:
 Windows 11 , 64 bit Build 22621 (10.0.22621.4391)
OS uptime: 0 days 10:47 hours
Hyper-V role detected

CPU: total 16 (initial active 16) (16 cores per cpu, 2 threads per core) family 25 model 68 stepping 1 microcode 0x0, cx8, cmov, fxsr, ht, mmx, 3dnowpref, sse, sse2, sse3, ssse3, sse4a, sse4.1, sse4.2, popcnt, lzcnt, tsc, tscinvbit, avx, avx2, aes, erms, clmul, bmi1, bmi2, adx, sha, fma, vzeroupper, clflush, clflushopt, hv, rdtscp, rdpid, fsrm, f16c, cet_ss
Processor Information for processor 0
  Max Mhz: 3201, Current Mhz: 1989, Mhz Limit: 3201
Processor Information for processor 1
  Max Mhz: 3201, Current Mhz: 3201, Mhz Limit: 3201
Processor Information for processor 2
  Max Mhz: 3201, Current Mhz: 3201, Mhz Limit: 3201
Processor Information for processor 3
  Max Mhz: 3201, Current Mhz: 3201, Mhz Limit: 3201
Processor Information for processor 4
  Max Mhz: 3201, Current Mhz: 3201, Mhz Limit: 3201
Processor Information for processor 5
  Max Mhz: 3201, Current Mhz: 3201, Mhz Limit: 3201
Processor Information for processor 6
  Max Mhz: 3201, Current Mhz: 1989, Mhz Limit: 3201
Processor Information for processor 7
  Max Mhz: 3201, Current Mhz: 3201, Mhz Limit: 3201
Processor Information for processor 8
  Max Mhz: 3201, Current Mhz: 3201, Mhz Limit: 3201
Processor Information for processor 9
  Max Mhz: 3201, Current Mhz: 3201, Mhz Limit: 3201
Processor Information for processor 10
  Max Mhz: 3201, Current Mhz: 3201, Mhz Limit: 3201
Processor Information for processor 11
  Max Mhz: 3201, Current Mhz: 3201, Mhz Limit: 3201
Processor Information for processor 12
  Max Mhz: 3201, Current Mhz: 3201, Mhz Limit: 3201
Processor Information for processor 13
  Max Mhz: 3201, Current Mhz: 3201, Mhz Limit: 3201
Processor Information for processor 14
  Max Mhz: 3201, Current Mhz: 1989, Mhz Limit: 3201
Processor Information for processor 15
  Max Mhz: 3201, Current Mhz: 1989, Mhz Limit: 3201

Memory: 4k page, system-wide physical 14020M (129M free)
TotalPageFile size 27131M (AvailPageFile size 5M)
current process WorkingSet (physical memory assigned to process): 10M, peak: 10M
current process commit charge ("private bytes"): 18M, peak: 19M

vm_info: OpenJDK 64-Bit Server VM (21.0.3+13-b509.11) for windows-amd64 JRE (21.0.3+13-b509.11), built on 2024-08-12 by "builduser" with MS VC++ 16.10 / 16.11 (VS2019)

END.
